1695807305623	geckodriver	INFO	Listening on 127.0.0.1:52055
1695807306127	mozrunner::runner	INFO	Running command: MOZ_CRASHREPORTER="1" MOZ_CRASHREPORTER_NO_REPORT="1" MOZ_CRASHREPORTER_SHUTDOWN="1" MOZ_NO_REMOTE="1" "/App ... s" "localhost" "-foreground" "-no-remote" "-profile" "/var/folders/nj/htf647kx68gdktgjb6y8_5qw0000gn/T/rust_mozprofileu1q2tM"
console.warn: services.settings: Ignoring preference override of remote settings server
console.warn: services.settings: Allow by setting MOZ_REMOTE_SETTINGS_DEVTOOLS=1 in the environment
2023-09-27 11:35:06.453 firefox[31653:795917] WARNING: Secure coding is not enabled for restorable state! Enable secure coding by implementing NSApplicationDelegate.applicationSupportsSecureRestorableState: and returning YES.
1695807306608	Marionette	INFO	Marionette enabled
console.error: "Warning: unrecognized command line flag" "-remote-allow-hosts"
1695807306795	Marionette	INFO	Listening on port 52061
WebDriver BiDi listening on ws://127.0.0.1:52056
Read port: 52061
1695807307044	RemoteAgent	WARN	TLS certificate errors will be ignored for this session
UNSUPPORTED (log once): POSSIBLE ISSUE: unit 1 GLD_TEXTURE_INDEX_2D is unloadable and bound to sampler type (Float) - using zero texture because texture unloadable
DevTools listening on ws://127.0.0.1:52056/devtools/browser/13beba13-1c50-4018-8e02-dd9b18d8914e
1695807312240	Marionette	INFO	Stopped listening on port 52061
1695807440961	geckodriver	INFO	Listening on 127.0.0.1:52156
1695807441478	mozrunner::runner	INFO	Running command: MOZ_CRASHREPORTER="1" MOZ_CRASHREPORTER_NO_REPORT="1" MOZ_CRASHREPORTER_SHUTDOWN="1" MOZ_NO_REMOTE="1" "/App ... s" "localhost" "-foreground" "-no-remote" "-profile" "/var/folders/nj/htf647kx68gdktgjb6y8_5qw0000gn/T/rust_mozprofilejBNOi7"
console.warn: services.settings: Ignoring preference override of remote settings server
console.warn: services.settings: Allow by setting MOZ_REMOTE_SETTINGS_DEVTOOLS=1 in the environment
2023-09-27 11:37:21.710 firefox[31932:799394] WARNING: Secure coding is not enabled for restorable state! Enable secure coding by implementing NSApplicationDelegate.applicationSupportsSecureRestorableState: and returning YES.
1695807441900	Marionette	INFO	Marionette enabled
console.error: "Warning: unrecognized command line flag" "-remote-allow-hosts"
1695807442049	Marionette	INFO	Listening on port 52162
WebDriver BiDi listening on ws://127.0.0.1:52157
Read port: 52162
1695807442221	RemoteAgent	WARN	TLS certificate errors will be ignored for this session
UNSUPPORTED (log once): POSSIBLE ISSUE: unit 1 GLD_TEXTURE_INDEX_2D is unloadable and bound to sampler type (Float) - using zero texture because texture unloadable
DevTools listening on ws://127.0.0.1:52157/devtools/browser/4b90267b-2950-4190-8e1a-d5e30ae6c12e
1695807455406	geckodriver	INFO	Listening on 127.0.0.1:52189
1695807455922	mozrunner::runner	INFO	Running command: MOZ_CRASHREPORTER="1" MOZ_CRASHREPORTER_NO_REPORT="1" MOZ_CRASHREPORTER_SHUTDOWN="1" MOZ_NO_REMOTE="1" "/App ... s" "localhost" "-foreground" "-no-remote" "-profile" "/var/folders/nj/htf647kx68gdktgjb6y8_5qw0000gn/T/rust_mozprofileRbdIia"
console.warn: services.settings: Ignoring preference override of remote settings server
console.warn: services.settings: Allow by setting MOZ_REMOTE_SETTINGS_DEVTOOLS=1 in the environment
2023-09-27 11:37:36.192 firefox[32010:800229] WARNING: Secure coding is not enabled for restorable state! Enable secure coding by implementing NSApplicationDelegate.applicationSupportsSecureRestorableState: and returning YES.
1695807456338	Marionette	INFO	Marionette enabled
console.error: "Warning: unrecognized command line flag" "-remote-allow-hosts"
1695807456485	Marionette	INFO	Listening on port 52195
WebDriver BiDi listening on ws://127.0.0.1:52190
Read port: 52195
1695807456654	RemoteAgent	WARN	TLS certificate errors will be ignored for this session
UNSUPPORTED (log once): POSSIBLE ISSUE: unit 1 GLD_TEXTURE_INDEX_2D is unloadable and bound to sampler type (Float) - using zero texture because texture unloadable
DevTools listening on ws://127.0.0.1:52190/devtools/browser/68d3af55-5dc6-4499-aae3-a7bd9d2b3aa5
1695807458122	Marionette	WARN	Ignoring event 'DOMContentLoaded' because document has an invalid readyState of 'complete'.
1695808190860	Marionette	INFO	Stopped listening on port 52162
JavaScript warning: https://www.stepstone.de/modules/nodepackageprovider/resources/js/node_modules/@stepstone/vendor-package-provider/packages/react-redux@21.0.0/dist/index.js, line 22: Script terminated by timeout at:
On@https://www.stepstone.de/modules/nodepackageprovider/resources/js/node_modules/@stepstone/vendor-package-provider/packages/react-redux@21.0.0/dist/index.js:22:29338

1695808191728	Marionette	INFO	Stopped listening on port 52195
1695808197756	geckodriver::marionette	ERROR	Failed to close browser connection: Socket is not connected (os error 57)
1695808216693	geckodriver	INFO	Listening on 127.0.0.1:52584
1695808217209	mozrunner::runner	INFO	Running command: MOZ_CRASHREPORTER="1" MOZ_CRASHREPORTER_NO_REPORT="1" MOZ_CRASHREPORTER_SHUTDOWN="1" MOZ_NO_REMOTE="1" "/App ... s" "localhost" "-foreground" "-no-remote" "-profile" "/var/folders/nj/htf647kx68gdktgjb6y8_5qw0000gn/T/rust_mozprofileeNFYqr"
console.warn: services.settings: Ignoring preference override of remote settings server
console.warn: services.settings: Allow by setting MOZ_REMOTE_SETTINGS_DEVTOOLS=1 in the environment
2023-09-27 11:50:17.446 firefox[33106:819895] WARNING: Secure coding is not enabled for restorable state! Enable secure coding by implementing NSApplicationDelegate.applicationSupportsSecureRestorableState: and returning YES.
1695808217599	Marionette	INFO	Marionette enabled
console.error: "Warning: unrecognized command line flag" "-remote-allow-hosts"
1695808217740	Marionette	INFO	Listening on port 52590
WebDriver BiDi listening on ws://127.0.0.1:52585
Read port: 52590
1695808217888	RemoteAgent	WARN	TLS certificate errors will be ignored for this session
UNSUPPORTED (log once): POSSIBLE ISSUE: unit 1 GLD_TEXTURE_INDEX_2D is unloadable and bound to sampler type (Float) - using zero texture because texture unloadable
DevTools listening on ws://127.0.0.1:52585/devtools/browser/0d88cd59-fb62-432f-b7eb-e2b17a355e72
1695808218803	Marionette	WARN	Ignoring event 'DOMContentLoaded' because document has an invalid readyState of 'complete'.
JavaScript warning: https://www.stepstone.de/static/lpca/social-auth-logout-script/main.js?v=2023-09-25, line 2: Script terminated by timeout at:
773/e.prototype.debug@https://www.stepstone.de/static/lpca/social-auth-logout-script/main.js?v=2023-09-25:2:23515
994/e.prototype.drainQueue/r<@https://www.stepstone.de/static/lpca/social-auth-logout-script/main.js?v=2023-09-25:2:19920
994/e.prototype.drainQueue@https://www.stepstone.de/static/lpca/social-auth-logout-script/main.js?v=2023-09-25:2:19890
459/e.prototype.stop@https://www.stepstone.de/static/lpca/social-auth-logout-script/main.js?v=2023-09-25:2:10458
994/e.prototype.stop@https://www.stepstone.de/static/lpca/social-auth-logout-script/main.js?v=2023-09-25:2:20265
889/e.prototype.close@https://www.stepstone.de/static/lpca/social-auth-logout-script/main.js?v=2023-09-25:2:94124
889/We/<@https://www.stepstone.de/static/lpca/social-auth-logout-script/main.js?v=2023-09-25:2:102075

1695808488974	Marionette	WARN	Ignoring event 'pageshow' because document has an invalid readyState of 'uninitialized'.
1695808510777	Marionette	WARN	Ignoring event 'pageshow' because document has an invalid readyState of 'interactive'.
1695808589479	Marionette	WARN	Ignoring event 'pageshow' because document has an invalid readyState of 'interactive'.
1695808609417	Marionette	WARN	Ignoring event 'pageshow' because document has an invalid readyState of 'interactive'.
1695808631519	Marionette	WARN	Ignoring event 'pageshow' because document has an invalid readyState of 'interactive'.
1695808674962	Marionette	WARN	Ignoring event 'pageshow' because document has an invalid readyState of 'interactive'.
1695808679812	Marionette	WARN	Ignoring event 'pageshow' because document has an invalid readyState of 'interactive'.
console.error: ({})
console.error: ({})
console.error: ({})
console.error: ({})
1695808714321	Marionette	WARN	Ignoring event 'pageshow' because document has an invalid readyState of 'uninitialized'.
1695808722810	Marionette	WARN	Ignoring event 'pageshow' because document has an invalid readyState of 'interactive'.
1695808731028	Marionette	WARN	Ignoring event 'pageshow' because document has an invalid readyState of 'interactive'.
console.error: ({})
console.error: ({})
1695808774602	Marionette	INFO	Stopped listening on port 52590
